<?xml version="1.0" encoding="UTF-8"?>
<!-- Generated by org.testng.reporters.JUnitReportReporter -->
<testsuite hostname="DESKTOP-MCS3M3G" failures="0" tests="3" name="cucumberOptions.TestNGTestRunner" time="1.129" errors="0" timestamp="2023-01-19T13:41:40 IST" skipped="0">
  <testcase classname="cucumberOptions.TestNGTestRunner" name="runScenario" time="0.373"/>
  <system-out/>
  <testcase classname="cucumberOptions.TestNGTestRunner" name="runScenario" time="0.374"/>
  <system-out/>
  <testcase classname="cucumberOptions.TestNGTestRunner" name="runScenario" time="0.382"/>
  <system-out/>
</testsuite> <!-- cucumberOptions.TestNGTestRunner -->
