<?xml version="1.0" encoding="UTF-8"?>
<!-- Generated by org.testng.reporters.JUnitReportReporter -->
<testsuite hostname="DESKTOP-MCS3M3G" failures="0" tests="2" name="testClasses.TestNG_ListinersTest2" time="0.005" errors="0" timestamp="2023-01-07T15:31:55 IST" skipped="0">
  <testcase classname="testClasses.TestNG_ListinersTest2" name="tsetMethod2" time="0.003"/>
  <system-out/>
  <testcase classname="testClasses.TestNG_ListinersTest2" name="tsetMethod1" time="0.002"/>
  <system-out/>
</testsuite> <!-- testClasses.TestNG_ListinersTest2 -->
