<?xml version="1.0" encoding="UTF-8"?>
<!-- Generated by org.testng.reporters.JUnitReportReporter -->
<testsuite hostname="DESKTOP-MCS3M3G" failures="0" tests="2" name="testClasses.TestNG_EnableTimeOut" time="1.018" errors="0" timestamp="2023-01-05T22:40:27 IST" skipped="1">
  <testcase classname="testClasses.TestNG_EnableTimeOut" name="testMethod2" time="1.018"/>
  <system-out/>
  <testcase classname="testClasses.TestNG_EnableTimeOut" name="testMethod1">
    <skipped/>
  </testcase> <!-- testMethod1 -->
  <system-out/>
</testsuite> <!-- testClasses.TestNG_EnableTimeOut -->
