<?xml version="1.0" encoding="UTF-8"?>
<!-- Generated by org.testng.reporters.JUnitReportReporter -->
<testsuite hostname="DESKTOP-MCS3M3G" failures="0" tests="3" name="appCode.AppCode" time="0.013" errors="0" timestamp="2023-01-04T21:32:24 IST" skipped="0">
  <testcase classname="appCode.AppCode" name="testMethod3" time="0.001"/>
  <system-out/>
  <testcase classname="appCode.AppCode" name="atestMethod2" time="0.010"/>
  <system-out/>
  <testcase classname="appCode.AppCode" name="testMethod1" time="0.002"/>
  <system-out/>
</testsuite> <!-- appCode.AppCode -->
