<?xml version="1.0" encoding="UTF-8"?>
<!-- Generated by org.testng.reporters.JUnitReportReporter -->
<testsuite hostname="DESKTOP-MCS3M3G" failures="0" tests="2" name="testClasses.TestNG_Group" time="0.008" errors="0" timestamp="2023-01-05T20:46:06 IST" skipped="0">
  <testcase classname="testClasses.TestNG_Group" name="testNinja" time="0.002"/>
  <system-out/>
  <testcase classname="testClasses.TestNG_Group" name="testBMW" time="0.006"/>
  <system-out/>
</testsuite> <!-- testClasses.TestNG_Group -->
