<?xml version="1.0" encoding="UTF-8"?>
<!-- Generated by org.testng.reporters.JUnitReportReporter -->
<testsuite hostname="DESKTOP-MCS3M3G" failures="0" tests="1" name="testClasses.TestNG_Assert" time="0.014" errors="0" timestamp="2023-01-04T22:07:12 IST" skipped="0">
  <testcase classname="testClasses.TestNG_Assert" name="sum" time="0.014"/>
  <system-out/>
</testsuite> <!-- testClasses.TestNG_Assert -->
