<?xml version="1.0" encoding="UTF-8"?>
<!-- Generated by org.testng.reporters.JUnitReportReporter -->
<testsuite hostname="DESKTOP-MCS3M3G" failures="0" tests="2" name="testClasses.TestNG_TestClass2" time="0.010" errors="0" timestamp="2023-01-05T22:51:08 IST" skipped="0">
  <testcase classname="testClasses.TestNG_TestClass2" name="testMethod1" time="0.007"/>
  <system-out/>
  <testcase classname="testClasses.TestNG_TestClass2" name="testMethod2" time="0.003"/>
  <system-out/>
</testsuite> <!-- testClasses.TestNG_TestClass2 -->
