<?xml version="1.0" encoding="UTF-8"?>
<!-- Generated by org.testng.reporters.JUnitReportReporter -->
<testsuite hostname="DESKTOP-MCS3M3G" failures="0" tests="3" name="testClasses.TestNG_DataProviders" time="0.010" errors="0" timestamp="2023-01-06T14:25:01 IST" skipped="0">
  <testcase classname="testClasses.TestNG_DataProviders" name="testmethod" time="0.001"/>
  <system-out/>
  <testcase classname="testClasses.TestNG_DataProviders" name="testmethod" time="0.007"/>
  <system-out/>
  <testcase classname="testClasses.TestNG_DataProviders" name="testmethod" time="0.002"/>
  <system-out/>
</testsuite> <!-- testClasses.TestNG_DataProviders -->
