<?xml version="1.0" encoding="UTF-8"?>
<!-- Generated by org.testng.reporters.JUnitReportReporter -->
<testsuite hostname="DESKTOP-MCS3M3G" failures="0" tests="1" name="testClasses.TestNG_Parameters" time="0.006" errors="0" timestamp="2023-01-05T23:23:51 IST" skipped="0">
  <testcase classname="testClasses.TestNG_Parameters" name="method1" time="0.006"/>
  <system-out/>
</testsuite> <!-- testClasses.TestNG_Parameters -->
