<?xml version="1.0" encoding="UTF-8"?>
<!-- Generated by org.testng.reporters.JUnitReportReporter -->
<testsuite hostname="DESKTOP-MCS3M3G" failures="0" tests="3" name="testClasses.TestNG_Priority" time="0.008" errors="0" timestamp="2023-01-05T14:57:51 IST" skipped="0">
  <testcase classname="testClasses.TestNG_Priority" name="method3" time="0.005"/>
  <system-out/>
  <testcase classname="testClasses.TestNG_Priority" name="method2" time="0.001"/>
  <system-out/>
  <testcase classname="testClasses.TestNG_Priority" name="method1" time="0.002"/>
  <system-out/>
</testsuite> <!-- testClasses.TestNG_Priority -->
