<?xml version="1.0" encoding="UTF-8"?>
<!-- Generated by org.testng.reporters.JUnitReportReporter -->
<testsuite hostname="DESKTOP-MCS3M3G" failures="0" tests="2" name="testClasses.TestNG_BeforeClassAnonatation" time="0.013" errors="0" timestamp="2023-01-05T08:31:59 IST" skipped="0">
  <testcase classname="testClasses.TestNG_BeforeClassAnonatation" name="testMethod1" time="0.006"/>
  <system-out/>
  <testcase classname="testClasses.TestNG_BeforeClassAnonatation" name="testMethod2" time="0.007"/>
  <system-out/>
</testsuite> <!-- testClasses.TestNG_BeforeClassAnonatation -->
