<?xml version="1.0" encoding="UTF-8"?>
<!-- Generated by org.testng.reporters.JUnitReportReporter -->
<testsuite hostname="DESKTOP-MCS3M3G" failures="0" tests="2" name="testClasses.TestNG_ParallelExecution1" time="12.030" errors="0" timestamp="2023-01-06T08:30:06 IST" skipped="0">
  <testcase classname="testClasses.TestNG_ParallelExecution1" name="method1" time="6.015"/>
  <system-out/>
  <testcase classname="testClasses.TestNG_ParallelExecution1" name="Method2" time="6.015"/>
  <system-out/>
</testsuite> <!-- testClasses.TestNG_ParallelExecution1 -->
