<?xml version="1.0" encoding="UTF-8"?>
<!-- Generated by org.testng.reporters.JUnitReportReporter -->
<testsuite hostname="DESKTOP-MCS3M3G" failures="0" tests="1" name="testClasses.TestNG_ScreensotFail" time="9.576" errors="0" timestamp="2023-01-06T21:32:49 IST" skipped="0">
  <testcase classname="testClasses.TestNG_ScreensotFail" name="testLogin" time="9.576"/>
  <system-out/>
</testsuite> <!-- testClasses.TestNG_ScreensotFail -->
