<?xml version="1.0" encoding="UTF-8"?>
<!-- Generated by org.testng.reporters.JUnitReportReporter -->
<testsuite hostname="DESKTOP-MCS3M3G" failures="0" tests="2" name="testClasses.TestNg_ListinersTest1" time="0.008" errors="0" timestamp="2023-01-07T15:31:55 IST" skipped="0">
  <testcase classname="testClasses.TestNg_ListinersTest1" name="tsetMethod2" time="0.003"/>
  <system-out/>
  <testcase classname="testClasses.TestNg_ListinersTest1" name="tsetMethod1" time="0.005"/>
  <system-out/>
</testsuite> <!-- testClasses.TestNg_ListinersTest1 -->
