<?xml version="1.0" encoding="UTF-8"?>
<!-- Generated by org.testng.reporters.JUnitReportReporter -->
<testsuite hostname="DESKTOP-MCS3M3G" failures="0" tests="4" name="testClasses.TestNG_DependentTest" time="0.017" errors="0" timestamp="2023-01-05T21:36:02 IST" skipped="0">
  <testcase classname="testClasses.TestNG_DependentTest" name="testMethod1" time="0.002"/>
  <system-out/>
  <testcase classname="testClasses.TestNG_DependentTest" name="testMethod2" time="0.007"/>
  <system-out/>
  <testcase classname="testClasses.TestNG_DependentTest" name="testMethod4" time="0.005"/>
  <system-out/>
  <testcase classname="testClasses.TestNG_DependentTest" name="testMethod3" time="0.003"/>
  <system-out/>
</testsuite> <!-- testClasses.TestNG_DependentTest -->
