<?xml version="1.0" encoding="UTF-8"?>
<!-- Generated by org.testng.reporters.JUnitReportReporter -->
<testsuite hostname="DESKTOP-MCS3M3G" failures="0" tests="1" name="extentReports.LoginTest" time="0.026" errors="0" timestamp="2023-01-10T12:50:06 IST" skipped="0">
  <testcase classname="extentReports.LoginTest" name="f" time="0.026"/>
  <system-out/>
</testsuite> <!-- extentReports.LoginTest -->
