<?xml version="1.0" encoding="UTF-8"?>
<!-- Generated by org.testng.reporters.JUnitReportReporter -->
<testsuite hostname="DESKTOP-MCS3M3G" failures="0" tests="2" name="Listeners_Demo.AmazonTest" time="14.907" errors="0" timestamp="2023-04-28T14:28:50 IST" skipped="0">
  <testcase classname="Listeners_Demo.AmazonTest" name="amazonUrl" time="8.809"/>
  <system-out>
    <![CDATA[onTestStart :amazonUrl
 <a href='C:\Users\DELL\eclipse-workspace\TestNG-2023\Screenshots\Fri_Apr_28_14_28_34_IST_2023.png'> <img src='C:\Users\DELL\eclipse-workspace\TestNG-2023\Screenshots\Fri_Apr_28_14_28_34_IST_2023.png' height='100' width='100'/>
onTestSuccess : :amazonUrl]]>
  </system-out>
  <testcase classname="Listeners_Demo.AmazonTest" name="guru99Url" time="6.098"/>
  <system-out>
    <![CDATA[onTestStart :guru99Url
 <a href='C:\Users\DELL\eclipse-workspace\TestNG-2023\Screenshots\Fri_Apr_28_14_28_34_IST_2023.png'> <img src='C:\Users\DELL\eclipse-workspace\TestNG-2023\Screenshots\Fri_Apr_28_14_28_34_IST_2023.png' height='100' width='100'/>
onTestSuccess : :guru99Url]]>
  </system-out>
</testsuite> <!-- Listeners_Demo.AmazonTest -->
