<?xml version="1.0" encoding="UTF-8"?>
<!-- Generated by org.testng.reporters.JUnitReportReporter -->
<testsuite hostname="DESKTOP-MCS3M3G" failures="0" tests="1" name="SuiteA.TestA2" time="0.001" errors="0" timestamp="2023-04-26T16:55:23 IST" skipped="0">
  <testcase classname="SuiteA.TestA2" name="test" time="0.001"/>
  <system-out/>
</testsuite> <!-- SuiteA.TestA2 -->
