<?xml version="1.0" encoding="UTF-8"?>
<!-- Generated by org.testng.reporters.JUnitReportReporter -->
<testsuite hostname="DESKTOP-MCS3M3G" failures="0" tests="1" name="Project.NewTest1" time="7.501" errors="0" timestamp="2023-04-26T14:53:39 IST" skipped="0">
  <testcase classname="Project.NewTest1" name="f" time="7.501"/>
  <system-out/>
</testsuite> <!-- Project.NewTest1 -->
