<?xml version="1.0" encoding="UTF-8"?>
<!-- Generated by org.testng.reporters.JUnitReportReporter -->
<testsuite hostname="DESKTOP-MCS3M3G" failures="0" tests="1" name="SuiteA.TestA" time="0.005" errors="0" timestamp="2023-04-26T16:55:23 IST" skipped="0">
  <testcase classname="SuiteA.TestA" name="f" time="0.005"/>
  <system-out/>
</testsuite> <!-- SuiteA.TestA -->
