<?xml version="1.0" encoding="UTF-8"?>
<!-- Generated by org.testng.reporters.JUnitReportReporter -->
<testsuite hostname="DESKTOP-MCS3M3G" failures="0" tests="1" name="Project.TC_001" time="12.583" errors="0" timestamp="2023-04-26T14:57:41 IST" skipped="0">
  <testcase classname="Project.TC_001" name="amazon" time="12.583"/>
  <system-out/>
</testsuite> <!-- Project.TC_001 -->
