<?xml version="1.0" encoding="UTF-8"?>
<!-- Generated by org.testng.reporters.JUnitReportReporter -->
<testsuite hostname="DESKTOP-MCS3M3G" failures="0" tests="3" name="Project.NewTest" time="0.021" errors="0" timestamp="2023-04-25T16:17:31 IST" skipped="1">
  <testcase classname="Project.NewTest" name="i" time="0.018"/>
  <system-out/>
  <testcase classname="Project.NewTest" name="f" time="0.003"/>
  <system-out/>
  <testcase classname="Project.NewTest" name="j">
    <skipped/>
  </testcase> <!-- j -->
  <system-out/>
</testsuite> <!-- Project.NewTest -->
