<?xml version="1.0" encoding="UTF-8"?>
<!-- Generated by org.testng.reporters.JUnitReportReporter -->
<testsuite hostname="DESKTOP-MCS3M3G" failures="0" tests="6" name="Project.TestParallel" time="0.022" errors="0" timestamp="2023-04-26T17:28:01 IST" skipped="0">
  <testcase classname="Project.TestParallel" name="C" time="0.003"/>
  <system-out/>
  <testcase classname="Project.TestParallel" name="D" time="0.003"/>
  <system-out/>
  <testcase classname="Project.TestParallel" name="F" time="0.001"/>
  <system-out/>
  <testcase classname="Project.TestParallel" name="B" time="0.002"/>
  <system-out/>
  <testcase classname="Project.TestParallel" name="A" time="0.010"/>
  <system-out/>
  <testcase classname="Project.TestParallel" name="E" time="0.003"/>
  <system-out/>
</testsuite> <!-- Project.TestParallel -->
