<?xml version="1.0" encoding="UTF-8"?>
<!-- Generated by org.testng.reporters.JUnitReportReporter -->
<testsuite hostname="DESKTOP-MCS3M3G" failures="0" tests="3" name="Test.TestCase_4" time="0.017" errors="0" timestamp="2022-09-08T12:46:51 IST" skipped="0">
  <testcase classname="Test.TestCase_4" name="mobileLoginHomeLoan" time="0.005"/>
  <system-out/>
  <testcase classname="Test.TestCase_4" name="loginApiHomeLoan" time="0.010"/>
  <system-out/>
  <testcase classname="Test.TestCase_4" name="webLoginHomeLoan" time="0.002"/>
  <system-out/>
</testsuite> <!-- Test.TestCase_4 -->
