<?xml version="1.0" encoding="UTF-8"?>
<!-- Generated by org.testng.reporters.JUnitReportReporter -->
<testsuite hostname="DESKTOP-MCS3M3G" failures="0" tests="5" name="Test.TestCase_04" time="0.017" errors="0" timestamp="2022-09-08T22:10:16 IST" skipped="0">
  <testcase classname="Test.TestCase_04" name="loginApiHomeLoan" time="0.002"/>
  <system-out/>
  <testcase classname="Test.TestCase_04" name="loginApiHomeLoan" time="0.002"/>
  <system-out/>
  <testcase classname="Test.TestCase_04" name="webLoginHomeLoan" time="0.003"/>
  <system-out/>
  <testcase classname="Test.TestCase_04" name="loginApiHomeLoan" time="0.009"/>
  <system-out/>
  <testcase classname="Test.TestCase_04" name="mobileLoginHomeLoan" time="0.001"/>
  <system-out/>
</testsuite> <!-- Test.TestCase_04 -->
