<?xml version="1.0" encoding="UTF-8"?>
<!-- Generated by org.testng.reporters.JUnitReportReporter -->
<testsuite hostname="DESKTOP-MCS3M3G" failures="0" tests="2" name="Test.TestCase_01" time="0.011" errors="0" timestamp="2022-09-08T21:57:28 IST" skipped="0">
  <testcase classname="Test.TestCase_01" name="demo" time="0.007"/>
  <system-out/>
  <testcase classname="Test.TestCase_01" name="demo1" time="0.004"/>
  <system-out/>
</testsuite> <!-- Test.TestCase_01 -->
