<?xml version="1.0" encoding="UTF-8"?>
<!-- Generated by org.testng.reporters.JUnitReportReporter -->
<testsuite hostname="DESKTOP-MCS3M3G" failures="0" tests="2" name="Test.TestCase_03" time="0.003" errors="0" timestamp="2022-09-08T21:57:28 IST" skipped="0">
  <testcase classname="Test.TestCase_03" name="loginApiCarLoan" time="0.002"/>
  <system-out/>
  <testcase classname="Test.TestCase_03" name="webLoginCarLoan" time="0.001"/>
  <system-out/>
</testsuite> <!-- Test.TestCase_03 -->
