<?xml version="1.0" encoding="UTF-8"?>
<!-- Generated by org.testng.reporters.JUnitReportReporter -->
<testsuite hostname="DESKTOP-MCS3M3G" failures="0" tests="1" name="Test.TestCase_02" time="0.003" errors="0" timestamp="2022-09-08T21:57:28 IST" skipped="0">
  <testcase classname="Test.TestCase_02" name="test" time="0.003"/>
  <system-out/>
</testsuite> <!-- Test.TestCase_02 -->
