<?xml version="1.0" encoding="UTF-8"?>
<!-- Generated by org.testng.reporters.JUnitReportReporter -->
<testsuite hostname="DESKTOP-MCS3M3G" failures="0" tests="2" name="rahulshettyproject.TestNG" time="0.031" errors="0" timestamp="06 Sep 2022 11:25:16 GMT" skipped="0">
  <testcase classname="rahulshettyproject.TestNG" name="demo2" time="0.009"/>
  <testcase classname="rahulshettyproject.TestNG" name="demo1" time="0.022"/>
</testsuite> <!-- rahulshettyproject.TestNG -->
